<?xml version="1.0" encoding="UTF-8"?>
<testsuite xmlns:xsi="http://www.w3.org/2001/XMLSchema-instance" xsi:noNamespaceSchemaLocation="https://maven.apache.org/surefire/maven-surefire-plugin/xsd/surefire-test-report.xsd" version="3.0.2" name="simulateur.TestsSimulateur" time="0.615" tests="42" errors="0" skipped="0" failures="0">
  <properties>
[...]
</properties>
  <testcase name="Tests des différents taux marginaux d&apos;imposition[1] 12000, CELIBATAIRE, 0, 0, false, 0" classname="simulateur.TestsSimulateur" time="0.095">
    <system-out><![CDATA[--------------------------------------------------
Revenu net declarant1 : 12000
Revenu net declarant2 : 0
Situation familiale : CELIBATAIRE
Abattement : 1200.0
Revenu fiscal de référence : 10800.0
Contribution exceptionnelle sur les hauts revenus : 0.0
Impôt brut des déclarants : 0.0
Impôt brut du foyer fiscal complet : 0.0
Baisse d'impôt : 0.0
Plafond de baisse autorisée 0.0
Impôt brut après plafonnement avant decote : 0.0
Decote : 0.0
Impôt sur le revenu net final : 0.0
]]></system-out>
  </testcase>
  <testcase name="Tests des différents taux marginaux d&apos;imposition[2] 20000, CELIBATAIRE, 0, 0, false, 199" classname="simulateur.TestsSimulateur" time="0.005">
    <system-out><![CDATA[--------------------------------------------------
Revenu net declarant1 : 20000
Revenu net declarant2 : 0
Situation familiale : CELIBATAIRE
Abattement : 2000.0
Revenu fiscal de référence : 18000.0
Contribution exceptionnelle sur les hauts revenus : 0.0
Impôt brut des déclarants : 738.0
Impôt brut du foyer fiscal complet : 738.0
Baisse d'impôt : 0.0
Plafond de baisse autorisée 0.0
Impôt brut après plafonnement avant decote : 738.0
Decote : 539.0
Impôt sur le revenu net final : 199.0
]]></system-out>
  </testcase>
  <testcase name="Tests des différents taux marginaux d&apos;imposition[3] 35000, CELIBATAIRE, 0, 0, false, 2736" classname="simulateur.TestsSimulateur" time="0.005">
    <system-out><![CDATA[--------------------------------------------------
Revenu net declarant1 : 35000
Revenu net declarant2 : 0
Situation familiale : CELIBATAIRE
Abattement : 3500.0
Revenu fiscal de référence : 31500.0
Contribution exceptionnelle sur les hauts revenus : 0.0
Impôt brut des déclarants : 2736.0
Impôt brut du foyer fiscal complet : 2736.0
Baisse d'impôt : 0.0
Plafond de baisse autorisée 0.0
Impôt brut après plafonnement avant decote : 2736.0
Decote : 0.0
Impôt sur le revenu net final : 2736.0
]]></system-out>
  </testcase>
  <testcase name="Tests des différents taux marginaux d&apos;imposition[4] 95000, CELIBATAIRE, 0, 0, false, 19284" classname="simulateur.TestsSimulateur" time="0.005">
    <system-out><![CDATA[--------------------------------------------------
Revenu net declarant1 : 95000
Revenu net declarant2 : 0
Situation familiale : CELIBATAIRE
Abattement : 9500.0
Revenu fiscal de référence : 85500.0
Contribution exceptionnelle sur les hauts revenus : 0.0
Impôt brut des déclarants : 19284.0
Impôt brut du foyer fiscal complet : 19284.0
Baisse d'impôt : 0.0
Plafond de baisse autorisée 0.0
Impôt brut après plafonnement avant decote : 19284.0
Decote : 0.0
Impôt sur le revenu net final : 19284.0
]]></system-out>
  </testcase>
  <testcase name="Tests des différents taux marginaux d&apos;imposition[5] 200000, CELIBATAIRE, 0, 0, false, 60768" classname="simulateur.TestsSimulateur" time="0.004">
    <system-out><![CDATA[--------------------------------------------------
Revenu net declarant1 : 200000
Revenu net declarant2 : 0
Situation familiale : CELIBATAIRE
Abattement : 14171.0
Revenu fiscal de référence : 185829.0
Contribution exceptionnelle sur les hauts revenus : 0.0
Impôt brut des déclarants : 60768.0
Impôt brut du foyer fiscal complet : 60768.0
Baisse d'impôt : 0.0
Plafond de baisse autorisée 0.0
Impôt brut après plafonnement avant decote : 60768.0
Decote : 0.0
Impôt sur le revenu net final : 60768.0
]]></system-out>
  </testcase>
  <testcase name="Tests de robustesse avec des valeurs interdites Test avec revenuNetDeclarant1=-1, revenuDeclarant2=0, situationFamiliale=CELIBATAIRE, nbEnfantsACharge=0, nbEnfantsSituationHandicap=0, parentIsole=false" classname="simulateur.TestsSimulateur" time="0.01"/>
  <testcase name="Tests de robustesse avec des valeurs interdites Test avec revenuNetDeclarant1=20000, revenuDeclarant2=0, situationFamiliale=null, nbEnfantsACharge=0, nbEnfantsSituationHandicap=0, parentIsole=false" classname="simulateur.TestsSimulateur" time="0.003"/>
  <testcase name="Tests de robustesse avec des valeurs interdites Test avec revenuNetDeclarant1=35000, revenuDeclarant2=0, situationFamiliale=CELIBATAIRE, nbEnfantsACharge=-1, nbEnfantsSituationHandicap=0, parentIsole=false" classname="simulateur.TestsSimulateur" time="0.002"/>
  <testcase name="Tests de robustesse avec des valeurs interdites Test avec revenuNetDeclarant1=95000, revenuDeclarant2=0, situationFamiliale=CELIBATAIRE, nbEnfantsACharge=0, nbEnfantsSituationHandicap=-1, parentIsole=false" classname="simulateur.TestsSimulateur" time="0.003"/>
  <testcase name="Tests de robustesse avec des valeurs interdites Test avec revenuNetDeclarant1=200000, revenuDeclarant2=0, situationFamiliale=CELIBATAIRE, nbEnfantsACharge=3, nbEnfantsSituationHandicap=4, parentIsole=false" classname="simulateur.TestsSimulateur" time="0.001"/>
  <testcase name="Tests de robustesse avec des valeurs interdites Test avec revenuNetDeclarant1=200000, revenuDeclarant2=0, situationFamiliale=MARIE, nbEnfantsACharge=3, nbEnfantsSituationHandicap=2, parentIsole=true" classname="simulateur.TestsSimulateur" time="0.002"/>
  <testcase name="Tests de robustesse avec des valeurs interdites Test avec revenuNetDeclarant1=200000, revenuDeclarant2=0, situationFamiliale=PACSE, nbEnfantsACharge=3, nbEnfantsSituationHandicap=2, parentIsole=true" classname="simulateur.TestsSimulateur" time="0.002"/>
  <testcase name="Tests de robustesse avec des valeurs interdites Test avec revenuNetDeclarant1=200000, revenuDeclarant2=0, situationFamiliale=MARIE, nbEnfantsACharge=8, nbEnfantsSituationHandicap=0, parentIsole=false" classname="simulateur.TestsSimulateur" time="0.002"/>
  <testcase name="Tests de robustesse avec des valeurs interdites Test avec revenuNetDeclarant1=200000, revenuDeclarant2=10000, situationFamiliale=CELIBATAIRE, nbEnfantsACharge=8, nbEnfantsSituationHandicap=0, parentIsole=false" classname="simulateur.TestsSimulateur" time="0.002"/>
  <testcase name="Tests de robustesse avec des valeurs interdites Test avec revenuNetDeclarant1=200000, revenuDeclarant2=10000, situationFamiliale=VEUF, nbEnfantsACharge=8, nbEnfantsSituationHandicap=0, parentIsole=false" classname="simulateur.TestsSimulateur" time="0.003"/>
  <testcase name="Tests de robustesse avec des valeurs interdites Test avec revenuNetDeclarant1=200000, revenuDeclarant2=10000, situationFamiliale=DIVORCE, nbEnfantsACharge=8, nbEnfantsSituationHandicap=0, parentIsole=false" classname="simulateur.TestsSimulateur" time="0.002"/>
  <testcase name="Tests du calcul des parts pour différents foyers fiscaux[1] 24000, CELIBATAIRE, 0, 0, false, 1" classname="simulateur.TestsSimulateur" time="0.011">
    <system-out><![CDATA[--------------------------------------------------
Revenu net declarant1 : 24000
Revenu net declarant2 : 0
Situation familiale : CELIBATAIRE
Abattement : 2400.0
Revenu fiscal de référence : 21600.0
Contribution exceptionnelle sur les hauts revenus : 0.0
Impôt brut des déclarants : 1134.0
Impôt brut du foyer fiscal complet : 1134.0
Baisse d'impôt : 0.0
Plafond de baisse autorisée 0.0
Impôt brut après plafonnement avant decote : 1134.0
Decote : 360.0
Impôt sur le revenu net final : 774.0
]]></system-out>
  </testcase>
  <testcase name="Tests du calcul des parts pour différents foyers fiscaux[2] 24000, CELIBATAIRE, 1, 0, false, 1.5" classname="simulateur.TestsSimulateur" time="0.003">
    <system-out><![CDATA[--------------------------------------------------
Revenu net declarant1 : 24000
Revenu net declarant2 : 0
Situation familiale : CELIBATAIRE
Abattement : 2400.0
Revenu fiscal de référence : 21600.0
Contribution exceptionnelle sur les hauts revenus : 0.0
Impôt brut des déclarants : 1134.0
Impôt brut du foyer fiscal complet : 512.0
Baisse d'impôt : 622.0
Plafond de baisse autorisée 1759.0
Impôt brut après plafonnement avant decote : 512.0
Decote : 512.0
Impôt sur le revenu net final : 0.0
]]></system-out>
  </testcase>
  <testcase name="Tests du calcul des parts pour différents foyers fiscaux[3] 24000, CELIBATAIRE, 2, 0, false, 2" classname="simulateur.TestsSimulateur" time="0.004">
    <system-out><![CDATA[--------------------------------------------------
Revenu net declarant1 : 24000
Revenu net declarant2 : 0
Situation familiale : CELIBATAIRE
Abattement : 2400.0
Revenu fiscal de référence : 21600.0
Contribution exceptionnelle sur les hauts revenus : 0.0
Impôt brut des déclarants : 1134.0
Impôt brut du foyer fiscal complet : 0.0
Baisse d'impôt : 1134.0
Plafond de baisse autorisée 3518.0
Impôt brut après plafonnement avant decote : 0.0
Decote : 0.0
Impôt sur le revenu net final : 0.0
]]></system-out>
  </testcase>
  <testcase name="Tests du calcul des parts pour différents foyers fiscaux[4] 24000, CELIBATAIRE, 3, 0, false, 3" classname="simulateur.TestsSimulateur" time="0.003">
    <system-out><![CDATA[--------------------------------------------------
Revenu net declarant1 : 24000
Revenu net declarant2 : 0
Situation familiale : CELIBATAIRE
Abattement : 2400.0
Revenu fiscal de référence : 21600.0
Contribution exceptionnelle sur les hauts revenus : 0.0
Impôt brut des déclarants : 1134.0
Impôt brut du foyer fiscal complet : 0.0
Baisse d'impôt : 1134.0
Plafond de baisse autorisée 7036.0
Impôt brut après plafonnement avant decote : 0.0
Decote : 0.0
Impôt sur le revenu net final : 0.0
]]></system-out>
  </testcase>
  <testcase name="Tests du calcul des parts pour différents foyers fiscaux[5] 24000, MARIE, 0, 0, false, 2" classname="simulateur.TestsSimulateur" time="0.004">
    <system-out><![CDATA[--------------------------------------------------
Revenu net declarant1 : 24000
Revenu net declarant2 : 0
Situation familiale : MARIE
Abattement : 2895.0
Revenu fiscal de référence : 21105.0
Contribution exceptionnelle sur les hauts revenus : 0.0
Impôt brut des déclarants : 0.0
Impôt brut du foyer fiscal complet : 0.0
Baisse d'impôt : 0.0
Plafond de baisse autorisée 0.0
Impôt brut après plafonnement avant decote : 0.0
Decote : 0.0
Impôt sur le revenu net final : 0.0
]]></system-out>
  </testcase>
  <testcase name="Tests du calcul des parts pour différents foyers fiscaux[6] 24000, PACSE, 0, 0, false, 2" classname="simulateur.TestsSimulateur" time="0.004">
    <system-out><![CDATA[--------------------------------------------------
Revenu net declarant1 : 24000
Revenu net declarant2 : 0
Situation familiale : PACSE
Abattement : 2895.0
Revenu fiscal de référence : 21105.0
Contribution exceptionnelle sur les hauts revenus : 0.0
Impôt brut des déclarants : 0.0
Impôt brut du foyer fiscal complet : 0.0
Baisse d'impôt : 0.0
Plafond de baisse autorisée 0.0
Impôt brut après plafonnement avant decote : 0.0
Decote : 0.0
Impôt sur le revenu net final : 0.0
]]></system-out>
  </testcase>
  <testcase name="Tests du calcul des parts pour différents foyers fiscaux[7] 24000, MARIE, 3, 1, false, 4.5" classname="simulateur.TestsSimulateur" time="0.004">
    <system-out><![CDATA[--------------------------------------------------
Revenu net declarant1 : 24000
Revenu net declarant2 : 0
Situation familiale : MARIE
Abattement : 2895.0
Revenu fiscal de référence : 21105.0
Contribution exceptionnelle sur les hauts revenus : 0.0
Impôt brut des déclarants : 0.0
Impôt brut du foyer fiscal complet : 0.0
Baisse d'impôt : 0.0
Plafond de baisse autorisée 8795.0
Impôt brut après plafonnement avant decote : 0.0
Decote : 0.0
Impôt sur le revenu net final : 0.0
]]></system-out>
  </testcase>
  <testcase name="Tests du calcul des parts pour différents foyers fiscaux[8] 24000, DIVORCE, 2, 0, true, 2.5" classname="simulateur.TestsSimulateur" time="0.004">
    <system-out><![CDATA[--------------------------------------------------
Revenu net declarant1 : 24000
Revenu net declarant2 : 0
Situation familiale : DIVORCE
Abattement : 2400.0
Revenu fiscal de référence : 21600.0
Contribution exceptionnelle sur les hauts revenus : 0.0
Impôt brut des déclarants : 1134.0
Impôt brut du foyer fiscal complet : 0.0
Baisse d'impôt : 1134.0
Plafond de baisse autorisée 5277.0
Impôt brut après plafonnement avant decote : 0.0
Decote : 0.0
Impôt sur le revenu net final : 0.0
]]></system-out>
  </testcase>
  <testcase name="Tests du calcul des parts pour différents foyers fiscaux[9] 24000, VEUF, 3, 0, true, 4.5" classname="simulateur.TestsSimulateur" time="0.003">
    <system-out><![CDATA[--------------------------------------------------
Revenu net declarant1 : 24000
Revenu net declarant2 : 0
Situation familiale : VEUF
Abattement : 2400.0
Revenu fiscal de référence : 21600.0
Contribution exceptionnelle sur les hauts revenus : 0.0
Impôt brut des déclarants : 1134.0
Impôt brut du foyer fiscal complet : 0.0
Baisse d'impôt : 1134.0
Plafond de baisse autorisée 12313.0
Impôt brut après plafonnement avant decote : 0.0
Decote : 0.0
Impôt sur le revenu net final : 0.0
]]></system-out>
  </testcase>
  <testcase name="Tests des abattements pour les foyers fiscaux[1] 4900, CELIBATAIRE, 0, 0, false, 495" classname="simulateur.TestsSimulateur" time="0.004">
    <system-out><![CDATA[--------------------------------------------------
Revenu net declarant1 : 4900
Revenu net declarant2 : 0
Situation familiale : CELIBATAIRE
Abattement : 495.0
Revenu fiscal de référence : 4405.0
Contribution exceptionnelle sur les hauts revenus : 0.0
Impôt brut des déclarants : 0.0
Impôt brut du foyer fiscal complet : 0.0
Baisse d'impôt : 0.0
Plafond de baisse autorisée 0.0
Impôt brut après plafonnement avant decote : 0.0
Decote : 0.0
Impôt sur le revenu net final : 0.0
]]></system-out>
  </testcase>
  <testcase name="Tests des abattements pour les foyers fiscaux[2] 12000, CELIBATAIRE, 0, 0, false, 1200" classname="simulateur.TestsSimulateur" time="0.003">
    <system-out><![CDATA[--------------------------------------------------
Revenu net declarant1 : 12000
Revenu net declarant2 : 0
Situation familiale : CELIBATAIRE
Abattement : 1200.0
Revenu fiscal de référence : 10800.0
Contribution exceptionnelle sur les hauts revenus : 0.0
Impôt brut des déclarants : 0.0
Impôt brut du foyer fiscal complet : 0.0
Baisse d'impôt : 0.0
Plafond de baisse autorisée 0.0
Impôt brut après plafonnement avant decote : 0.0
Decote : 0.0
Impôt sur le revenu net final : 0.0
]]></system-out>
  </testcase>
  <testcase name="Tests des abattements pour les foyers fiscaux[3] 200000, CELIBATAIRE, 0, 0, false, 14171" classname="simulateur.TestsSimulateur" time="0.003">
    <system-out><![CDATA[--------------------------------------------------
Revenu net declarant1 : 200000
Revenu net declarant2 : 0
Situation familiale : CELIBATAIRE
Abattement : 14171.0
Revenu fiscal de référence : 185829.0
Contribution exceptionnelle sur les hauts revenus : 0.0
Impôt brut des déclarants : 60768.0
Impôt brut du foyer fiscal complet : 60768.0
Baisse d'impôt : 0.0
Plafond de baisse autorisée 0.0
Impôt brut après plafonnement avant decote : 60768.0
Decote : 0.0
Impôt sur le revenu net final : 60768.0
]]></system-out>
  </testcase>
  <testcase name="Tests supplémentaires de cas variés de foyers fiscaux - avec revenuNetDeclarant1=30000, revenuNetDeclarant2=35000, situationFamiliale=MARIE, nbEnfantsACharge=3, nbEnfantsSituationHandicap=0, parentIsole=false - IMPOT NET ATTENDU = 685" classname="simulateur.TestsSimulateur" time="0.031">
    <system-out><![CDATA[--------------------------------------------------
Revenu net declarant1 : 30000
Revenu net declarant2 : 35000
Situation familiale : MARIE
Abattement : 6500.0
Revenu fiscal de référence : 58500.0
Contribution exceptionnelle sur les hauts revenus : 0.0
Impôt brut des déclarants : 4122.0
Impôt brut du foyer fiscal complet : 1466.0
Baisse d'impôt : 2656.0
Plafond de baisse autorisée 7036.0
Impôt brut après plafonnement avant decote : 1466.0
Decote : 781.0
Impôt sur le revenu net final : 685.0
]]></system-out>
  </testcase>
  <testcase name="Tests supplémentaires de cas variés de foyers fiscaux - avec revenuNetDeclarant1=35000, revenuNetDeclarant2=0, situationFamiliale=CELIBATAIRE, nbEnfantsACharge=0, nbEnfantsSituationHandicap=0, parentIsole=false - IMPOT NET ATTENDU = 2736" classname="simulateur.TestsSimulateur" time="0.003">
    <system-out><![CDATA[--------------------------------------------------
Revenu net declarant1 : 35000
Revenu net declarant2 : 0
Situation familiale : CELIBATAIRE
Abattement : 3500.0
Revenu fiscal de référence : 31500.0
Contribution exceptionnelle sur les hauts revenus : 0.0
Impôt brut des déclarants : 2736.0
Impôt brut du foyer fiscal complet : 2736.0
Baisse d'impôt : 0.0
Plafond de baisse autorisée 0.0
Impôt brut après plafonnement avant decote : 2736.0
Decote : 0.0
Impôt sur le revenu net final : 2736.0
]]></system-out>
  </testcase>
  <testcase name="Tests supplémentaires de cas variés de foyers fiscaux - avec revenuNetDeclarant1=65000, revenuNetDeclarant2=0, situationFamiliale=VEUF, nbEnfantsACharge=3, nbEnfantsSituationHandicap=0, parentIsole=false - IMPOT NET ATTENDU = 1256" classname="simulateur.TestsSimulateur" time="0.003">
    <system-out><![CDATA[--------------------------------------------------
Revenu net declarant1 : 65000
Revenu net declarant2 : 0
Situation familiale : VEUF
Abattement : 6500.0
Revenu fiscal de référence : 58500.0
Contribution exceptionnelle sur les hauts revenus : 0.0
Impôt brut des déclarants : 10836.0
Impôt brut du foyer fiscal complet : 1466.0
Baisse d'impôt : 9370.0
Plafond de baisse autorisée 10554.0
Impôt brut après plafonnement avant decote : 1466.0
Decote : 210.0
Impôt sur le revenu net final : 1256.0
]]></system-out>
  </testcase>
  <testcase name="Tests supplémentaires de cas variés de foyers fiscaux - avec revenuNetDeclarant1=30000, revenuNetDeclarant2=35000, situationFamiliale=MARIE, nbEnfantsACharge=3, nbEnfantsSituationHandicap=1, parentIsole=false - IMPOT NET ATTENDU = 0" classname="simulateur.TestsSimulateur" time="0.003">
    <system-out><![CDATA[--------------------------------------------------
Revenu net declarant1 : 30000
Revenu net declarant2 : 35000
Situation familiale : MARIE
Abattement : 6500.0
Revenu fiscal de référence : 58500.0
Contribution exceptionnelle sur les hauts revenus : 0.0
Impôt brut des déclarants : 4122.0
Impôt brut du foyer fiscal complet : 844.0
Baisse d'impôt : 3278.0
Plafond de baisse autorisée 8795.0
Impôt brut après plafonnement avant decote : 844.0
Decote : 844.0
Impôt sur le revenu net final : 0.0
]]></system-out>
  </testcase>
  <testcase name="Tests supplémentaires de cas variés de foyers fiscaux - avec revenuNetDeclarant1=35000, revenuNetDeclarant2=0, situationFamiliale=DIVORCE, nbEnfantsACharge=1, nbEnfantsSituationHandicap=0, parentIsole=true - IMPOT NET ATTENDU = 550" classname="simulateur.TestsSimulateur" time="0.004">
    <system-out><![CDATA[--------------------------------------------------
Revenu net declarant1 : 35000
Revenu net declarant2 : 0
Situation familiale : DIVORCE
Abattement : 3500.0
Revenu fiscal de référence : 31500.0
Contribution exceptionnelle sur les hauts revenus : 0.0
Impôt brut des déclarants : 2736.0
Impôt brut du foyer fiscal complet : 980.0
Baisse d'impôt : 1756.0
Plafond de baisse autorisée 3518.0
Impôt brut après plafonnement avant decote : 980.0
Decote : 430.0
Impôt sur le revenu net final : 550.0
]]></system-out>
  </testcase>
  <testcase name="Tests supplémentaires de cas variés de foyers fiscaux - avec revenuNetDeclarant1=35000, revenuNetDeclarant2=0, situationFamiliale=DIVORCE, nbEnfantsACharge=2, nbEnfantsSituationHandicap=0, parentIsole=true - IMPOT NET ATTENDU = 0" classname="simulateur.TestsSimulateur" time="0.004">
    <system-out><![CDATA[--------------------------------------------------
Revenu net declarant1 : 35000
Revenu net declarant2 : 0
Situation familiale : DIVORCE
Abattement : 3500.0
Revenu fiscal de référence : 31500.0
Contribution exceptionnelle sur les hauts revenus : 0.0
Impôt brut des déclarants : 2736.0
Impôt brut du foyer fiscal complet : 359.0
Baisse d'impôt : 2377.0
Plafond de baisse autorisée 5277.0
Impôt brut après plafonnement avant decote : 359.0
Decote : 359.0
Impôt sur le revenu net final : 0.0
]]></system-out>
  </testcase>
  <testcase name="Tests supplémentaires de cas variés de foyers fiscaux - avec revenuNetDeclarant1=50000, revenuNetDeclarant2=0, situationFamiliale=DIVORCE, nbEnfantsACharge=3, nbEnfantsSituationHandicap=0, parentIsole=true - IMPOT NET ATTENDU = 1" classname="simulateur.TestsSimulateur" time="0.003">
    <system-out><![CDATA[--------------------------------------------------
Revenu net declarant1 : 50000
Revenu net declarant2 : 0
Situation familiale : DIVORCE
Abattement : 5000.0
Revenu fiscal de référence : 45000.0
Contribution exceptionnelle sur les hauts revenus : 0.0
Impôt brut des déclarants : 6786.0
Impôt brut du foyer fiscal complet : 602.0
Baisse d'impôt : 6184.0
Plafond de baisse autorisée 8795.0
Impôt brut après plafonnement avant decote : 602.0
Decote : 601.0
Impôt sur le revenu net final : 1.0
]]></system-out>
  </testcase>
  <testcase name="Tests supplémentaires de cas variés de foyers fiscaux - avec revenuNetDeclarant1=50000, revenuNetDeclarant2=0, situationFamiliale=DIVORCE, nbEnfantsACharge=3, nbEnfantsSituationHandicap=1, parentIsole=true - IMPOT NET ATTENDU = 0" classname="simulateur.TestsSimulateur" time="0.003">
    <system-out><![CDATA[--------------------------------------------------
Revenu net declarant1 : 50000
Revenu net declarant2 : 0
Situation familiale : DIVORCE
Abattement : 5000.0
Revenu fiscal de référence : 45000.0
Contribution exceptionnelle sur les hauts revenus : 0.0
Impôt brut des déclarants : 6786.0
Impôt brut du foyer fiscal complet : 0.0
Baisse d'impôt : 6786.0
Plafond de baisse autorisée 10554.0
Impôt brut après plafonnement avant decote : 0.0
Decote : 0.0
Impôt sur le revenu net final : 0.0
]]></system-out>
  </testcase>
  <testcase name="Tests supplémentaires de cas variés de foyers fiscaux - avec revenuNetDeclarant1=95000, revenuNetDeclarant2=0, situationFamiliale=CELIBATAIRE, nbEnfantsACharge=0, nbEnfantsSituationHandicap=0, parentIsole=false - IMPOT NET ATTENDU = 19284" classname="simulateur.TestsSimulateur" time="0.003">
    <system-out><![CDATA[--------------------------------------------------
Revenu net declarant1 : 95000
Revenu net declarant2 : 0
Situation familiale : CELIBATAIRE
Abattement : 9500.0
Revenu fiscal de référence : 85500.0
Contribution exceptionnelle sur les hauts revenus : 0.0
Impôt brut des déclarants : 19284.0
Impôt brut du foyer fiscal complet : 19284.0
Baisse d'impôt : 0.0
Plafond de baisse autorisée 0.0
Impôt brut après plafonnement avant decote : 19284.0
Decote : 0.0
Impôt sur le revenu net final : 19284.0
]]></system-out>
  </testcase>
  <testcase name="Tests supplémentaires de cas variés de foyers fiscaux - avec revenuNetDeclarant1=0, revenuNetDeclarant2=0, situationFamiliale=CELIBATAIRE, nbEnfantsACharge=0, nbEnfantsSituationHandicap=0, parentIsole=false - IMPOT NET ATTENDU = 0" classname="simulateur.TestsSimulateur" time="0.003">
    <system-out><![CDATA[--------------------------------------------------
Revenu net declarant1 : 0
Revenu net declarant2 : 0
Situation familiale : CELIBATAIRE
Abattement : 495.0
Revenu fiscal de référence : 0.0
Contribution exceptionnelle sur les hauts revenus : 0.0
Impôt brut des déclarants : 0.0
Impôt brut du foyer fiscal complet : 0.0
Baisse d'impôt : 0.0
Plafond de baisse autorisée 0.0
Impôt brut après plafonnement avant decote : 0.0
Decote : 0.0
Impôt sur le revenu net final : 0.0
]]></system-out>
  </testcase>
  <testcase name="Tests supplémentaires de cas variés de foyers fiscaux - avec revenuNetDeclarant1=950000, revenuNetDeclarant2=0, situationFamiliale=CELIBATAIRE, nbEnfantsACharge=0, nbEnfantsSituationHandicap=0, parentIsole=false - IMPOT NET ATTENDU = 423201" classname="simulateur.TestsSimulateur" time="0.004">
    <system-out><![CDATA[--------------------------------------------------
Revenu net declarant1 : 950000
Revenu net declarant2 : 0
Situation familiale : CELIBATAIRE
Abattement : 14171.0
Revenu fiscal de référence : 935829.0
Contribution exceptionnelle sur les hauts revenus : 24933.0
Impôt brut des déclarants : 398268.0
Impôt brut du foyer fiscal complet : 398268.0
Baisse d'impôt : 0.0
Plafond de baisse autorisée 0.0
Impôt brut après plafonnement avant decote : 398268.0
Decote : 0.0
Impôt sur le revenu net final : 423201.0
]]></system-out>
  </testcase>
  <testcase name="Tests supplémentaires de cas variés de foyers fiscaux - avec revenuNetDeclarant1=300000, revenuNetDeclarant2=650000, situationFamiliale=MARIE, nbEnfantsACharge=2, nbEnfantsSituationHandicap=0, parentIsole=false - IMPOT NET ATTENDU = 378167" classname="simulateur.TestsSimulateur" time="0.004">
    <system-out><![CDATA[--------------------------------------------------
Revenu net declarant1 : 300000
Revenu net declarant2 : 650000
Situation familiale : MARIE
Abattement : 28342.0
Revenu fiscal de référence : 921658.0
Contribution exceptionnelle sur les hauts revenus : 12650.0
Impôt brut des déclarants : 369035.0
Impôt brut du foyer fiscal complet : 346180.0
Baisse d'impôt : 22855.0
Plafond de baisse autorisée 3518.0
Impôt brut après plafonnement avant decote : 365517.0
Decote : 0.0
Impôt sur le revenu net final : 378167.0
]]></system-out>
  </testcase>
  <testcase name="Tests supplémentaires de cas variés de foyers fiscaux - avec revenuNetDeclarant1=1500000, revenuNetDeclarant2=0, situationFamiliale=CELIBATAIRE, nbEnfantsACharge=0, nbEnfantsSituationHandicap=0, parentIsole=false - IMPOT NET ATTENDU = 692701" classname="simulateur.TestsSimulateur" time="0.003">
    <system-out><![CDATA[--------------------------------------------------
Revenu net declarant1 : 1500000
Revenu net declarant2 : 0
Situation familiale : CELIBATAIRE
Abattement : 14171.0
Revenu fiscal de référence : 1485829.0
Contribution exceptionnelle sur les hauts revenus : 46933.0
Impôt brut des déclarants : 645768.0
Impôt brut du foyer fiscal complet : 645768.0
Baisse d'impôt : 0.0
Plafond de baisse autorisée 0.0
Impôt brut après plafonnement avant decote : 645768.0
Decote : 0.0
Impôt sur le revenu net final : 692701.0
]]></system-out>
  </testcase>
  <testcase name="Tests supplémentaires de cas variés de foyers fiscaux - avec revenuNetDeclarant1=300000, revenuNetDeclarant2=300000, situationFamiliale=MARIE, nbEnfantsACharge=0, nbEnfantsSituationHandicap=0, parentIsole=false - IMPOT NET ATTENDU = 213685" classname="simulateur.TestsSimulateur" time="0.004">
    <system-out><![CDATA[--------------------------------------------------
Revenu net declarant1 : 300000
Revenu net declarant2 : 300000
Situation familiale : MARIE
Abattement : 28342.0
Revenu fiscal de référence : 571658.0
Contribution exceptionnelle sur les hauts revenus : 2150.0
Impôt brut des déclarants : 211535.0
Impôt brut du foyer fiscal complet : 211535.0
Baisse d'impôt : 0.0
Plafond de baisse autorisée 0.0
Impôt brut après plafonnement avant decote : 211535.0
Decote : 0.0
Impôt sur le revenu net final : 213685.0
]]></system-out>
  </testcase>
</testsuite>